<?xml version="1.0" encoding="utf-8"?>

<mule xmlns="http://www.mulesoft.org/schema/mule/core" xmlns:xsi="http://www.w3.org/2001/XMLSchema-instance"
	xmlns:spring="http://www.springframework.org/schema/beans" xmlns:doc="http://www.mulesoft.org/schema/mule/documentation"
	xmlns:vm="http://www.mulesoft.org/schema/mule/vm" xmlns:file="http://www.mulesoft.org/schema/mule/file"
	xmlns:ftp="http://www.mulesoft.org/schema/mule/ftp" xmlns:sftp="http://www.mulesoft.org/schema/mule/sftp"
	xmlns:jdbc="http://www.mulesoft.org/schema/mule/jdbc" xmlns:email="http://www.mulesoft.org/schema/mule/email"
	xmlns:imap="http://www.mulesoft.org/schema/mule/imap" xmlns:pop3="http://www.mulesoft.org/schema/mule/pop3"
	xmlns:smtp="http://www.mulesoft.org/schema/mule/smtp" xmlns:jms="http://www.mulesoft.org/schema/mule/jms"
	xmlns:scripting="http://www.mulesoft.org/schema/mule/scripting"
	xmlns:jbossts="http://www.mulesoft.org/schema/mule/jbossts"
	xmlns:mulexml="http://www.mulesoft.org/schema/mule/xml"
	xsi:schemaLocation="
		http://www.springframework.org/schema/beans   http://www.springframework.org/schema/beans/spring-beans-current.xsd
		http://www.mulesoft.org/schema/mule/core      http://www.mulesoft.org/schema/mule/core/current/mule.xsd
		http://www.mulesoft.org/schema/mule/vm        http://www.mulesoft.org/schema/mule/vm/current/mule-vm.xsd
		http://www.mulesoft.org/schema/mule/file      http://www.mulesoft.org/schema/mule/file/current/mule-file.xsd
		http://www.mulesoft.org/schema/mule/ftp       http://www.mulesoft.org/schema/mule/ftp/current/mule-ftp.xsd
		http://www.mulesoft.org/schema/mule/sftp      http://www.mulesoft.org/schema/mule/sftp/current/mule-sftp.xsd
		http://www.mulesoft.org/schema/mule/jdbc      http://www.mulesoft.org/schema/mule/jdbc/current/mule-jdbc.xsd
		http://www.mulesoft.org/schema/mule/email     http://www.mulesoft.org/schema/mule/email/current/mule-email.xsd
		http://www.mulesoft.org/schema/mule/imap      http://www.mulesoft.org/schema/mule/imap/current/mule-imap.xsd
		http://www.mulesoft.org/schema/mule/pop3      http://www.mulesoft.org/schema/mule/pop3/current/mule-pop3.xsd
		http://www.mulesoft.org/schema/mule/smtp      http://www.mulesoft.org/schema/mule/smtp/current/mule-smtp.xsd
		http://www.mulesoft.org/schema/mule/jms       http://www.mulesoft.org/schema/mule/jms/current/mule-jms.xsd
		http://www.mulesoft.org/schema/mule/scripting http://www.mulesoft.org/schema/mule/scripting/current/mule-scripting.xsd
		http://www.mulesoft.org/schema/mule/jbossts   http://www.mulesoft.org/schema/mule/jbossts/current/mule-jbossts.xsd
		http://www.mulesoft.org/schema/mule/xml       http://www.mulesoft.org/schema/mule/xml/current/mule-xml.xsd
	">

	<spring:beans>
		<!-- import the common logger config -->
		<spring:import resource="classpath:tp-commons-mule-logging.xml" />
		<spring:import resource="classpath:soitoolkit-mule-vm-connector.xml" />
	</spring:beans>

	<spring:beans profile="soitoolkit-integrationtests">
		<mule><!-- Allow integration tests to register dynamic listeners by specifying 
				dynamic="true" -->
			<notifications dynamic="true">
				<notification event="ENDPOINT-MESSAGE" />
				<notification event="COMPONENT-MESSAGE" />
			</notifications>
		</mule>
	</spring:beans>

	<mulexml:jaxb-context name="jaxbContext"
		packageNames="org.soitoolkit.commons.logentry.schema.v1" />

	<custom-transformer class="org.soitoolkit.commons.mule.log.LogTransformer"
		name="logMsgIn">
		<spring:property name="logType" value="msg-in" />
		<spring:property name="jaxbContext" ref="jaxbContext" />
	</custom-transformer>
	<custom-transformer class="org.soitoolkit.commons.mule.log.LogTransformer"
		name="logMsgOut">
		<spring:property name="logType" value="msg-out" />
		<spring:property name="jaxbContext" ref="jaxbContext" />
	</custom-transformer>


	<flow name="test-logging-flow">
		<vm:inbound-endpoint connector-ref="soitoolkit-vm-connector"
			path="${TEST_LOGGING_IN_VM_QUEUE}" transformer-refs="logMsgIn" />

		<vm:outbound-endpoint connector-ref="soitoolkit-vm-connector"
			path="${TEST_LOGGING_OUT_VM_QUEUE}" transformer-refs="logMsgOut" />
	</flow>


</mule>